<?xml version="1.0" encoding="UTF-8"?>
<!-- Generated by org.testng.reporters.JUnitReportReporter -->
<testsuite hostname="STA-LT76483" failures="0" tests="10" name="gov.vas_testcases.TC010_FS_newUser_patient_search" time="45.541" errors="0" timestamp="2023-09-12T11:30:20 EDT" skipped="0">
  <testcase classname="gov.vas_testcases.TC010_FS_newUser_patient_search" name="open_vas_application" time="14.783"/>
  <system-out/>
  <testcase classname="gov.vas_testcases.TC010_FS_newUser_patient_search" name="_login_page_test_05" time="1.108"/>
  <system-out/>
  <testcase classname="gov.vas_testcases.TC010_FS_newUser_patient_search" name="_loginpg_logo_test_06" time="0.062"/>
  <system-out/>
  <testcase classname="gov.vas_testcases.TC010_FS_newUser_patient_search" name="_verify_feature_test_07" time="2.103"/>
  <system-out/>
  <testcase classname="gov.vas_testcases.TC010_FS_newUser_patient_search" name="_login_header_test_08" time="0.074"/>
  <system-out/>
  <testcase classname="gov.vas_testcases.TC010_FS_newUser_patient_search" name="_pat_search_mod_test_09" time="0.138"/>
  <system-out/>
  <testcase classname="gov.vas_testcases.TC010_FS_newUser_patient_search" name="_search_page_test_10" time="0.064"/>
  <system-out/>
  <testcase classname="gov.vas_testcases.TC010_FS_newUser_patient_search" name="_pat_full_search_test_11" time="0.118"/>
  <system-out/>
  <testcase classname="gov.vas_testcases.TC010_FS_newUser_patient_search" name="_full_search_page_test_12" time="0.086"/>
  <system-out/>
  <testcase classname="gov.vas_testcases.TC010_FS_newUser_patient_search" name="verify_newuser_patient_fs" time="27.005"/>
  <system-out/>
</testsuite> <!-- gov.vas_testcases.TC010_FS_newUser_patient_search -->
